<?xml version="1.0" encoding="UTF-8"?>
<testsuite xmlns:xsi="http://www.w3.org/2001/XMLSchema-instance" xsi:noNamespaceSchemaLocation="https://maven.apache.org/surefire/maven-surefire-plugin/xsd/surefire-test-report.xsd" name="ba.unsa.etf.rpr.ExpressionEvaluatorTest" time="0.044" tests="11" errors="0" skipped="0" failures="0">
  <properties>
[...]
</properties>
  <testcase name="evaluate" classname="ba.unsa.etf.rpr.ExpressionEvaluatorTest" time="0.025"/>
  <testcase name="evaluate1" classname="ba.unsa.etf.rpr.ExpressionEvaluatorTest" time="0"/>
  <testcase name="evaluate2" classname="ba.unsa.etf.rpr.ExpressionEvaluatorTest" time="0.001"/>
  <testcase name="evaluate3" classname="ba.unsa.etf.rpr.ExpressionEvaluatorTest" time="0.001"/>
  <testcase name="evaluate4" classname="ba.unsa.etf.rpr.ExpressionEvaluatorTest" time="0.001"/>
  <testcase name="evaluate5" classname="ba.unsa.etf.rpr.ExpressionEvaluatorTest" time="0"/>
  <testcase name="evaluate6" classname="ba.unsa.etf.rpr.ExpressionEvaluatorTest" time="0"/>
  <testcase name="evaluate7" classname="ba.unsa.etf.rpr.ExpressionEvaluatorTest" time="0"/>
  <testcase name="evaluate8" classname="ba.unsa.etf.rpr.ExpressionEvaluatorTest" time="0"/>
  <testcase name="evaluate9" classname="ba.unsa.etf.rpr.ExpressionEvaluatorTest" time="0.001"/>
  <testcase name="evaluate10" classname="ba.unsa.etf.rpr.ExpressionEvaluatorTest" time="0.002"/>
</testsuite>